{"numFailedTestSuites":1,"numFailedTests":1,"numPassedTestSuites":0,"numPassedTests":68,"numPendingTestSuites":0,"numPendingTests":0,"numRuntimeErrorTestSuites":0,"numTodoTests":0,"numTotalTestSuites":1,"numTotalTests":69,"openHandles":[],"snapshot":{"added":0,"didUpdate":false,"failure":false,"filesAdded":0,"filesRemoved":0,"filesRemovedList":[],"filesUnmatched":0,"filesUpdated":0,"matched":0,"total":0,"unchecked":0,"uncheckedKeysByFile":[],"unmatched":0,"updated":0},"startTime":1778724758862,"success":false,"testResults":[{"assertionResults":[{"ancestorTitles":["CoachScreen"],"duration":11177,"failureDetails":[],"failureMessages":[],"fullName":"CoachScreen renders inline coach settings with the full persona rail at cold start","invocations":1,"location":null,"numPassingAsserts":24,"retryReasons":[],"status":"passed","title":"renders inline coach settings with the full persona rail at cold start"},{"ancestorTitles":["CoachScreen"],"duration":2549,"failureDetails":[],"failureMessages":[],"fullName":"CoachScreen keeps the latest guidance ahead of history, personas, and prompts","invocations":1,"location":null,"numPassingAsserts":5,"retryReasons":[],"status":"passed","title":"keeps the latest guidance ahead of history, personas, and prompts"},{"ancestorTitles":["CoachScreen"],"duration":1416,"failureDetails":[],"failureMessages":[],"fullName":"CoachScreen keeps the inline persona rail aligned with the resolved active persona","invocations":1,"location":null,"numPassingAsserts":4,"retryReasons":[],"status":"passed","title":"keeps the inline persona rail aligned with the resolved active persona"},{"ancestorTitles":["CoachScreen"],"duration":4265,"failureDetails":[],"failureMessages":[],"fullName":"CoachScreen reopens the selected coach details and lets the user keep the current coach without mutating it","invocations":1,"location":null,"numPassingAsserts":3,"retryReasons":[],"status":"passed","title":"reopens the selected coach details and lets the user keep the current coach without mutating it"},{"ancestorTitles":["CoachScreen"],"duration":1725,"failureDetails":[],"failureMessages":[],"fullName":"CoachScreen exposes both the active and other personas in the inline rail regardless of saved guidance persona","invocations":1,"location":null,"numPassingAsserts":4,"retryReasons":[],"status":"passed","title":"exposes both the active and other personas in the inline rail regardless of saved guidance persona"},{"ancestorTitles":["CoachScreen"],"duration":1551,"failureDetails":[],"failureMessages":[],"fullName":"CoachScreen does not render legacy latest-ready guidance at cold start","invocations":1,"location":null,"numPassingAsserts":2,"retryReasons":[],"status":"passed","title":"does not render legacy latest-ready guidance at cold start"},{"ancestorTitles":["CoachScreen"],"duration":1465,"failureDetails":[],"failureMessages":[],"fullName":"CoachScreen does not render guidance CTAs at cold start before generation","invocations":1,"location":null,"numPassingAsserts":2,"retryReasons":[],"status":"passed","title":"does not render guidance CTAs at cold start before generation"},{"ancestorTitles":["CoachScreen"],"duration":1247,"failureDetails":[],"failureMessages":[],"fullName":"CoachScreen navigates to coach history from the header history icon","invocations":1,"location":null,"numPassingAsserts":1,"retryReasons":[],"status":"passed","title":"navigates to coach history from the header history icon"},{"ancestorTitles":["CoachScreen"],"duration":1273,"failureDetails":[],"failureMessages":[],"fullName":"CoachScreen keeps the header history icon available with no saved history","invocations":1,"location":null,"numPassingAsserts":1,"retryReasons":[],"status":"passed","title":"keeps the header history icon available with no saved history"},{"ancestorTitles":["CoachScreen"],"duration":1736,"failureDetails":[],"failureMessages":[],"fullName":"CoachScreen does not render a secondary \"past advice\" button in the action bar","invocations":1,"location":null,"numPassingAsserts":1,"retryReasons":[],"status":"passed","title":"does not render a secondary \"past advice\" button in the action bar"},{"ancestorTitles":["CoachScreen"],"duration":2458,"failureDetails":[],"failureMessages":[],"fullName":"CoachScreen shows the free Coach quota when a request is available","invocations":1,"location":null,"numPassingAsserts":6,"retryReasons":[],"status":"passed","title":"shows the free Coach quota when a request is available"},{"ancestorTitles":["CoachScreen"],"duration":2003,"failureDetails":[],"failureMessages":[],"fullName":"CoachScreen keeps cached Coach settings visible during a silent focus refetch","invocations":1,"location":null,"numPassingAsserts":6,"retryReasons":[],"status":"passed","title":"keeps cached Coach settings visible during a silent focus refetch"},{"ancestorTitles":["CoachScreen"],"duration":1617,"failureDetails":[],"failureMessages":[],"fullName":"CoachScreen keeps the first-scan state visible while known-empty scans refetch","invocations":1,"location":null,"numPassingAsserts":5,"retryReasons":[],"status":"passed","title":"keeps the first-scan state visible while known-empty scans refetch"},{"ancestorTitles":["CoachScreen"],"duration":3634,"failureDetails":[],"failureMessages":[],"fullName":"CoachScreen unlocks Coach when a freshly primed scan appears while scans refetch","invocations":1,"location":null,"numPassingAsserts":6,"retryReasons":[],"status":"passed","title":"unlocks Coach when a freshly primed scan appears while scans refetch"},{"ancestorTitles":["CoachScreen"],"duration":2312,"failureDetails":[],"failureMessages":[],"fullName":"CoachScreen keeps cached Coach UI stable when a background refetch reports errors","invocations":1,"location":null,"numPassingAsserts":4,"retryReasons":[],"status":"passed","title":"keeps cached Coach UI stable when a background refetch reports errors"},{"ancestorTitles":["CoachScreen"],"duration":2353,"failureDetails":[],"failureMessages":[],"fullName":"CoachScreen shows premium partial quota with the next individual recharge","invocations":1,"location":null,"numPassingAsserts":5,"retryReasons":[],"status":"passed","title":"shows premium partial quota with the next individual recharge"},{"ancestorTitles":["CoachScreen"],"duration":4473,"failureDetails":[],"failureMessages":[],"fullName":"CoachScreen keeps settings browsable and shows cooldown only when requesting with exhausted Coach quota","invocations":1,"location":null,"numPassingAsserts":8,"retryReasons":[],"status":"passed","title":"keeps settings browsable and shows cooldown only when requesting with exhausted Coach quota"},{"ancestorTitles":["CoachScreen"],"duration":4790,"failureDetails":[],"failureMessages":[],"fullName":"CoachScreen blocks generation when Coach quota cannot be verified","invocations":1,"location":null,"numPassingAsserts":5,"retryReasons":[],"status":"passed","title":"blocks generation when Coach quota cannot be verified"},{"ancestorTitles":["CoachScreen"],"duration":1513,"failureDetails":[],"failureMessages":[],"fullName":"CoachScreen refetches quota when the next recharge time has elapsed","invocations":1,"location":null,"numPassingAsserts":1,"retryReasons":[],"status":"passed","title":"refetches quota when the next recharge time has elapsed"},{"ancestorTitles":["CoachScreen"],"duration":1521,"failureDetails":[],"failureMessages":[],"fullName":"CoachScreen routes free users to the premium upgrade screen when tapping a locked mode","invocations":1,"location":null,"numPassingAsserts":2,"retryReasons":[],"status":"passed","title":"routes free users to the premium upgrade screen when tapping a locked mode"},{"ancestorTitles":["CoachScreen"],"duration":2656,"failureDetails":[],"failureMessages":[],"fullName":"CoachScreen selects a guidance type without generating until the main CTA is pressed","invocations":1,"location":null,"numPassingAsserts":3,"retryReasons":[],"status":"passed","title":"selects a guidance type without generating until the main CTA is pressed"},{"ancestorTitles":["CoachScreen"],"duration":680,"failureDetails":[],"failureMessages":[],"fullName":"CoachScreen lets free users generate guidance with the included coach persona when one old scan exists","invocations":1,"location":null,"numPassingAsserts":2,"retryReasons":[],"status":"passed","title":"lets free users generate guidance with the included coach persona when one old scan exists"},{"ancestorTitles":["CoachScreen"],"duration":521,"failureDetails":[],"failureMessages":[],"fullName":"CoachScreen does not show the first-scan CTA when a usable first scan exists","invocations":1,"location":null,"numPassingAsserts":5,"retryReasons":[],"status":"passed","title":"does not show the first-scan CTA when a usable first scan exists"},{"ancestorTitles":["CoachScreen"],"duration":184,"failureDetails":[],"failureMessages":[],"fullName":"CoachScreen refreshes the Coach snapshot when stale data gains focus","invocations":1,"location":null,"numPassingAsserts":2,"retryReasons":[],"status":"passed","title":"refreshes the Coach snapshot when stale data gains focus"},{"ancestorTitles":["CoachScreen"],"duration":365,"failureDetails":[],"failureMessages":[],"fullName":"CoachScreen prioritizes fresh mutation guidance over the previously cached guidance","invocations":1,"location":null,"numPassingAsserts":3,"retryReasons":[],"status":"passed","title":"prioritizes fresh mutation guidance over the previously cached guidance"},{"ancestorTitles":["CoachScreen"],"duration":112,"failureDetails":[],"failureMessages":[],"fullName":"CoachScreen routes to the dedicated history screen with the active entry id","invocations":1,"location":null,"numPassingAsserts":3,"retryReasons":[],"status":"passed","title":"routes to the dedicated history screen with the active entry id"},{"ancestorTitles":["CoachScreen"],"duration":264,"failureDetails":[],"failureMessages":[],"fullName":"CoachScreen uses the header back action to leave the screen","invocations":1,"location":null,"numPassingAsserts":3,"retryReasons":[],"status":"passed","title":"uses the header back action to leave the screen"},{"ancestorTitles":["CoachScreen"],"duration":263,"failureDetails":[],"failureMessages":[],"fullName":"CoachScreen hides the back button in tab mode while keeping history access","invocations":1,"location":null,"numPassingAsserts":2,"retryReasons":[],"status":"passed","title":"hides the back button in tab mode while keeping history access"},{"ancestorTitles":["CoachScreen"],"duration":236,"failureDetails":[],"failureMessages":[],"fullName":"CoachScreen dismisses the screen when the router supports dismissing","invocations":1,"location":null,"numPassingAsserts":2,"retryReasons":[],"status":"passed","title":"dismisses the screen when the router supports dismissing"},{"ancestorTitles":["CoachScreen"],"duration":754,"failureDetails":[],"failureMessages":[],"fullName":"CoachScreen opens a locked persona preview before routing free users to the premium upgrade","invocations":1,"location":null,"numPassingAsserts":6,"retryReasons":[],"status":"passed","title":"opens a locked persona preview before routing free users to the premium upgrade"},{"ancestorTitles":["CoachScreen"],"duration":878,"failureDetails":[],"failureMessages":[],"fullName":"CoachScreen uses the default free persona when a free profile has a locked persona stored","invocations":1,"location":null,"numPassingAsserts":1,"retryReasons":[],"status":"passed","title":"uses the default free persona when a free profile has a locked persona stored"},{"ancestorTitles":["CoachScreen"],"duration":1432,"failureDetails":[],"failureMessages":[],"fullName":"CoachScreen opens a persona preview first, then lets premium users confirm and generate guidance with it","invocations":1,"location":null,"numPassingAsserts":7,"retryReasons":[],"status":"passed","title":"opens a persona preview first, then lets premium users confirm and generate guidance with it"},{"ancestorTitles":["CoachScreen"],"duration":109,"failureDetails":[],"failureMessages":[],"fullName":"CoachScreen shows the refresh error title only when the ui state resolves to query_error","invocations":1,"location":null,"numPassingAsserts":6,"retryReasons":[],"status":"passed","title":"shows the refresh error title only when the ui state resolves to query_error"},{"ancestorTitles":["CoachScreen"],"duration":205,"failureDetails":[],"failureMessages":[],"fullName":"CoachScreen transitions from cold-start loading to query_error when latest ready bootstrap loading fails","invocations":1,"location":null,"numPassingAsserts":7,"retryReasons":[],"status":"passed","title":"transitions from cold-start loading to query_error when latest ready bootstrap loading fails"},{"ancestorTitles":["CoachScreen"],"duration":75,"failureDetails":[],"failureMessages":[],"fullName":"CoachScreen shows a dedicated unavailable state for the provider-not-configured generation error","invocations":1,"location":null,"numPassingAsserts":3,"retryReasons":[],"status":"passed","title":"shows a dedicated unavailable state for the provider-not-configured generation error"},{"ancestorTitles":["CoachScreen"],"duration":118,"failureDetails":[],"failureMessages":[],"fullName":"CoachScreen keeps prompts disabled when the newest coach entry shows provider unavailable","invocations":1,"location":null,"numPassingAsserts":2,"retryReasons":[],"status":"passed","title":"keeps prompts disabled when the newest coach entry shows provider unavailable"},{"ancestorTitles":["CoachScreen"],"duration":109,"failureDetails":[],"failureMessages":[],"fullName":"CoachScreen shows only the dedicated generation loading state while coach guidance is still pending","invocations":1,"location":null,"numPassingAsserts":8,"retryReasons":[],"status":"passed","title":"shows only the dedicated generation loading state while coach guidance is still pending"},{"ancestorTitles":["CoachScreen"],"duration":158,"failureDetails":[],"failureMessages":[],"fullName":"CoachScreen keeps history visible while a new generation is pending and older ready entries exist","invocations":1,"location":null,"numPassingAsserts":6,"retryReasons":[],"status":"passed","title":"keeps history visible while a new generation is pending and older ready entries exist"},{"ancestorTitles":["CoachScreen"],"duration":1212,"failureDetails":[],"failureMessages":[],"fullName":"CoachScreen keeps loading active after a pending response until the tracked coach entry becomes ready","invocations":1,"location":null,"numPassingAsserts":12,"retryReasons":[],"status":"passed","title":"keeps loading active after a pending response until the tracked coach entry becomes ready"},{"ancestorTitles":["CoachScreen"],"duration":149,"failureDetails":[],"failureMessages":[],"fullName":"CoachScreen shows a generation error when the tracked pending entry becomes stale","invocations":1,"location":null,"numPassingAsserts":5,"retryReasons":[],"status":"passed","title":"shows a generation error when the tracked pending entry becomes stale"},{"ancestorTitles":["CoachScreen"],"duration":1356,"failureDetails":[],"failureMessages":[],"fullName":"CoachScreen does not show an error during a normal pending wait and only surfaces one after the tracked entry fails","invocations":1,"location":null,"numPassingAsserts":10,"retryReasons":[],"status":"passed","title":"does not show an error during a normal pending wait and only surfaces one after the tracked entry fails"},{"ancestorTitles":["CoachScreen"],"duration":1358,"failureDetails":[],"failureMessages":[],"fullName":"CoachScreen maps an invalid tracked provider payload to a friendly error body and structured debug info","invocations":1,"location":null,"numPassingAsserts":4,"retryReasons":[],"status":"passed","title":"maps an invalid tracked provider payload to a friendly error body and structured debug info"},{"ancestorTitles":["CoachScreen"],"duration":1609,"failureDetails":[],"failureMessages":[],"fullName":"CoachScreen keeps loading active when the mutation settles without renderable content and follows the returned entry id","invocations":1,"location":null,"numPassingAsserts":5,"retryReasons":[],"status":"passed","title":"keeps loading active when the mutation settles without renderable content and follows the returned entry id"},{"ancestorTitles":["CoachScreen"],"duration":184,"failureDetails":[],"failureMessages":[],"fullName":"CoachScreen resumes the latest pending entry for the active persona instead of showing the empty state","invocations":1,"location":null,"numPassingAsserts":3,"retryReasons":[],"status":"passed","title":"resumes the latest pending entry for the active persona instead of showing the empty state"},{"ancestorTitles":["CoachScreen"],"duration":224,"failureDetails":[],"failureMessages":[],"fullName":"CoachScreen shows loading for an active pending entry instead of falling back to an older ready entry","invocations":1,"location":null,"numPassingAsserts":7,"retryReasons":[],"status":"passed","title":"shows loading for an active pending entry instead of falling back to an older ready entry"},{"ancestorTitles":["CoachScreen"],"duration":777,"failureDetails":[],"failureMessages":[],"fullName":"CoachScreen does not render archived guidance from another persona at cold start","invocations":1,"location":null,"numPassingAsserts":4,"retryReasons":[],"status":"passed","title":"does not render archived guidance from another persona at cold start"},{"ancestorTitles":["CoachScreen"],"duration":1132,"failureDetails":[],"failureMessages":[],"fullName":"CoachScreen loads latest-ready guidance and history summary through the screen snapshot at cold start","invocations":1,"location":null,"numPassingAsserts":5,"retryReasons":[],"status":"passed","title":"loads latest-ready guidance and history summary through the screen snapshot at cold start"},{"ancestorTitles":["CoachScreen"],"duration":1156,"failureDetails":[],"failureMessages":[],"fullName":"CoachScreen does not surface a query error when only history summary loading fails at cold start","invocations":1,"location":null,"numPassingAsserts":3,"retryReasons":[],"status":"passed","title":"does not surface a query error when only history summary loading fails at cold start"},{"ancestorTitles":["CoachScreen"],"duration":857,"failureDetails":[],"failureMessages":[],"fullName":"CoachScreen hides the empty state when an archived entry exists even if history summary loading fails","invocations":1,"location":null,"numPassingAsserts":3,"retryReasons":[],"status":"passed","title":"hides the empty state when an archived entry exists even if history summary loading fails"},{"ancestorTitles":["CoachScreen"],"duration":2582,"failureDetails":[],"failureMessages":[],"fullName":"CoachScreen logs detailed mutation failure metadata when generation rejects before entry_id","invocations":1,"location":null,"numPassingAsserts":6,"retryReasons":[],"status":"passed","title":"logs detailed mutation failure metadata when generation rejects before entry_id"},{"ancestorTitles":["CoachScreen"],"duration":1317,"failureDetails":[],"failureMessages":[],"fullName":"CoachScreen blocks advice generation with the first-scan state when no usable scan exists","invocations":1,"location":null,"numPassingAsserts":11,"retryReasons":[],"status":"passed","title":"blocks advice generation with the first-scan state when no usable scan exists"},{"ancestorTitles":["CoachScreen"],"duration":2532,"failureDetails":[],"failureMessages":[],"fullName":"CoachScreen surfaces persona save parity errors instead of only tracking analytics","invocations":1,"location":null,"numPassingAsserts":1,"retryReasons":[],"status":"passed","title":"surfaces persona save parity errors instead of only tracking analytics"},{"ancestorTitles":["CoachScreen"],"duration":2260,"failureDetails":[],"failureMessages":[],"fullName":"CoachScreen switches from settings to the freshly generated guidance after pressing the primary action","invocations":1,"location":null,"numPassingAsserts":4,"retryReasons":[],"status":"passed","title":"switches from settings to the freshly generated guidance after pressing the primary action"},{"ancestorTitles":["CoachScreen"],"duration":3052,"failureDetails":[],"failureMessages":[],"fullName":"CoachScreen shows structured coach sections immediately for a fresh v2 response","invocations":1,"location":null,"numPassingAsserts":9,"retryReasons":[],"status":"passed","title":"shows structured coach sections immediately for a fresh v2 response"},{"ancestorTitles":["CoachScreen"],"duration":6078,"failureDetails":[],"failureMessages":[],"fullName":"CoachScreen returns to inline settings when pressing the primary action from the result view","invocations":1,"location":null,"numPassingAsserts":6,"retryReasons":[],"status":"passed","title":"returns to inline settings when pressing the primary action from the result view"},{"ancestorTitles":["CoachScreen"],"duration":3137,"failureDetails":[],"failureMessages":[],"fullName":"CoachScreen lets users leave a result view even when Coach quota is exhausted, then alerts on the next request attempt","invocations":1,"location":null,"numPassingAsserts":11,"retryReasons":[],"status":"passed","title":"lets users leave a result view even when Coach quota is exhausted, then alerts on the next request attempt"},{"ancestorTitles":["CoachScreen"],"duration":2621,"failureDetails":[{"matcherResult":{"actual":{"promptType":"latest_scan_issue_resolution","personaKey":"gentle_supportive","questionKey":null,"questionText":"Que dois-je travailler apres ce scan ?","scanId":"scan-route-123"},"expected":{"sample":{"promptType":"latest_scan","questionKey":null,"questionText":"Que dois-je travailler apres ce scan ?","scanId":"scan-route-123"},"inverse":false},"message":"expect(received).toEqual(expected) // deep equality\n\n- Expected  - 2\n+ Received  + 3\n\n- ObjectContaining {\n-   \"promptType\": \"latest_scan\",\n+ Object {\n+   \"personaKey\": \"gentle_supportive\",\n+   \"promptType\": \"latest_scan_issue_resolution\",\n    \"questionKey\": null,\n    \"questionText\": \"Que dois-je travailler apres ce scan ?\",\n    \"scanId\": \"scan-route-123\",\n  }","name":"toEqual","pass":false}}],"failureMessages":["Error: expect(received).toEqual(expected) // deep equality\n\n- Expected  - 2\n+ Received  + 3\n\n- ObjectContaining {\n-   \"promptType\": \"latest_scan\",\n+ Object {\n+   \"personaKey\": \"gentle_supportive\",\n+   \"promptType\": \"latest_scan_issue_resolution\",\n    \"questionKey\": null,\n    \"questionText\": \"Que dois-je travailler apres ce scan ?\",\n    \"scanId\": \"scan-route-123\",\n  }\n    at Object.toEqual (C:\\Users\\maloh\\OneDrive\\Bureau\\ts-main-main\\ts-main-main\\__tests__\\screens\\CoachScreen.test.tsx:2930:48)\n    at Generator.next (<anonymous>)\n    at asyncGeneratorStep (C:\\Users\\maloh\\OneDrive\\Bureau\\ts-main-main\\ts-main-main\\node_modules\\@babel\\runtime\\helpers\\asyncToGenerator.js:3:17)\n    at _next (C:\\Users\\maloh\\OneDrive\\Bureau\\ts-main-main\\ts-main-main\\node_modules\\@babel\\runtime\\helpers\\asyncToGenerator.js:17:9)"],"fullName":"CoachScreen prefills from scan result route params and sends exact scan context after user action","invocations":1,"location":null,"numPassingAsserts":3,"retryReasons":[],"status":"failed","title":"prefills from scan result route params and sends exact scan context after user action"},{"ancestorTitles":["CoachScreen"],"duration":2028,"failureDetails":[],"failureMessages":[],"fullName":"CoachScreen lets users edit a scan result question before sending the exact scan context","invocations":1,"location":null,"numPassingAsserts":3,"retryReasons":[],"status":"passed","title":"lets users edit a scan result question before sending the exact scan context"},{"ancestorTitles":["CoachScreen"],"duration":1711,"failureDetails":[],"failureMessages":[],"fullName":"CoachScreen falls back from a locked scan result prompt to an accessible fallback prompt","invocations":1,"location":null,"numPassingAsserts":4,"retryReasons":[],"status":"passed","title":"falls back from a locked scan result prompt to an accessible fallback prompt"},{"ancestorTitles":["CoachScreen"],"duration":2481,"failureDetails":[],"failureMessages":[],"fullName":"CoachScreen starts with an empty free question and clears preset text on mode change","invocations":1,"location":null,"numPassingAsserts":5,"retryReasons":[],"status":"passed","title":"starts with an empty free question and clears preset text on mode change"},{"ancestorTitles":["CoachScreen"],"duration":1697,"failureDetails":[],"failureMessages":[],"fullName":"CoachScreen places the free question input before coach, mode, and suggested questions","invocations":1,"location":null,"numPassingAsserts":3,"retryReasons":[],"status":"passed","title":"places the free question input before coach, mode, and suggested questions"},{"ancestorTitles":["CoachScreen"],"duration":2712,"failureDetails":[],"failureMessages":[],"fullName":"CoachScreen keeps a typed free question when the mode changes","invocations":1,"location":null,"numPassingAsserts":2,"retryReasons":[],"status":"passed","title":"keeps a typed free question when the mode changes"},{"ancestorTitles":["CoachScreen"],"duration":1318,"failureDetails":[],"failureMessages":[],"fullName":"CoachScreen orders nutrition presets by contextual relevance at 2026-04-06T08:00:00.000Z","invocations":1,"location":null,"numPassingAsserts":1,"retryReasons":[],"status":"passed","title":"orders nutrition presets by contextual relevance at 2026-04-06T08:00:00.000Z"},{"ancestorTitles":["CoachScreen"],"duration":1428,"failureDetails":[],"failureMessages":[],"fullName":"CoachScreen orders nutrition presets by contextual relevance at 2026-04-06T12:30:00.000Z","invocations":1,"location":null,"numPassingAsserts":1,"retryReasons":[],"status":"passed","title":"orders nutrition presets by contextual relevance at 2026-04-06T12:30:00.000Z"},{"ancestorTitles":["CoachScreen"],"duration":1772,"failureDetails":[],"failureMessages":[],"fullName":"CoachScreen orders nutrition presets by contextual relevance at 2026-04-06T19:30:00.000Z","invocations":1,"location":null,"numPassingAsserts":1,"retryReasons":[],"status":"passed","title":"orders nutrition presets by contextual relevance at 2026-04-06T19:30:00.000Z"},{"ancestorTitles":["CoachScreen"],"duration":3762,"failureDetails":[],"failureMessages":[],"fullName":"CoachScreen keeps a true free-text question when the locale changes","invocations":1,"location":null,"numPassingAsserts":1,"retryReasons":[],"status":"passed","title":"keeps a true free-text question when the locale changes"},{"ancestorTitles":["CoachScreen"],"duration":3176,"failureDetails":[],"failureMessages":[],"fullName":"CoachScreen fills the composer from a suggested question and sends its preset key unchanged","invocations":1,"location":null,"numPassingAsserts":1,"retryReasons":[],"status":"passed","title":"fills the composer from a suggested question and sends its preset key unchanged"},{"ancestorTitles":["CoachScreen"],"duration":3525,"failureDetails":[],"failureMessages":[],"fullName":"CoachScreen clears question_key when the preset question is edited and sends only free text","invocations":1,"location":null,"numPassingAsserts":2,"retryReasons":[],"status":"passed","title":"clears question_key when the preset question is edited and sends only free text"},{"ancestorTitles":["CoachScreen"],"duration":2971,"failureDetails":[],"failureMessages":[],"fullName":"CoachScreen disables the ask CTA when the question field is cleared after leaving preset mode","invocations":1,"location":null,"numPassingAsserts":2,"retryReasons":[],"status":"passed","title":"disables the ask CTA when the question field is cleared after leaving preset mode"}],"endTime":1778724908493,"message":"  ● CoachScreen › prefills from scan result route params and sends exact scan context after user action\n\n    expect(received).toEqual(expected) // deep equality\n\n    - Expected  - 2\n    + Received  + 3\n\n    - ObjectContaining {\n    -   \"promptType\": \"latest_scan\",\n    + Object {\n    +   \"personaKey\": \"gentle_supportive\",\n    +   \"promptType\": \"latest_scan_issue_resolution\",\n        \"questionKey\": null,\n        \"questionText\": \"Que dois-je travailler apres ce scan ?\",\n        \"scanId\": \"scan-route-123\",\n      }\n\n    \u001b[0m \u001b[90m 2928 |\u001b[39m       expect(mockMutateAsync)\u001b[33m.\u001b[39mtoHaveBeenCalled()\u001b[33m;\u001b[39m\n     \u001b[90m 2929 |\u001b[39m     })\u001b[33m;\u001b[39m\n    \u001b[31m\u001b[1m>\u001b[22m\u001b[39m\u001b[90m 2930 |\u001b[39m     expect(mockMutateAsync\u001b[33m.\u001b[39mmock\u001b[33m.\u001b[39mcalls[\u001b[35m0\u001b[39m]\u001b[33m?\u001b[39m\u001b[33m.\u001b[39m[\u001b[35m0\u001b[39m])\u001b[33m.\u001b[39mtoEqual(\n     \u001b[90m      |\u001b[39m                                                \u001b[31m\u001b[1m^\u001b[22m\u001b[39m\n     \u001b[90m 2931 |\u001b[39m       expect\u001b[33m.\u001b[39mobjectContaining({\n     \u001b[90m 2932 |\u001b[39m         promptType\u001b[33m:\u001b[39m \u001b[32m'latest_scan'\u001b[39m\u001b[33m,\u001b[39m\n     \u001b[90m 2933 |\u001b[39m         questionKey\u001b[33m:\u001b[39m \u001b[36mnull\u001b[39m\u001b[33m,\u001b[39m\u001b[0m\n\n      at Object.toEqual (__tests__/screens/CoachScreen.test.tsx:2930:48)\n      at asyncGeneratorStep (node_modules/@babel/runtime/helpers/asyncToGenerator.js:3:17)\n      at _next (node_modules/@babel/runtime/helpers/asyncToGenerator.js:17:9)\n","name":"C:\\Users\\maloh\\OneDrive\\Bureau\\ts-main-main\\ts-main-main\\__tests__\\screens\\CoachScreen.test.tsx","startTime":1778724759316,"status":"failed","summary":""}],"wasInterrupted":false}
