{"numFailedTestSuites":0,"numFailedTests":0,"numPassedTestSuites":1,"numPassedTests":9,"numPendingTestSuites":0,"numPendingTests":0,"numRuntimeErrorTestSuites":0,"numTodoTests":0,"numTotalTestSuites":1,"numTotalTests":9,"openHandles":[],"snapshot":{"added":0,"didUpdate":false,"failure":false,"filesAdded":0,"filesRemoved":0,"filesRemovedList":[],"filesUnmatched":0,"filesUpdated":0,"matched":0,"total":0,"unchecked":0,"uncheckedKeysByFile":[],"unmatched":0,"updated":0},"startTime":1778753914126,"success":true,"testResults":[{"assertionResults":[{"ancestorTitles":["phase2 utils"],"duration":2,"failureDetails":[],"failureMessages":[],"fullName":"phase2 utils builds a stable public social asset URL that does not depend on signed scan URLs","invocations":1,"location":null,"numPassingAsserts":1,"retryReasons":[],"status":"passed","title":"builds a stable public social asset URL that does not depend on signed scan URLs"},{"ancestorTitles":["phase2 utils"],"duration":0,"failureDetails":[],"failureMessages":[],"fullName":"phase2 utils normalizes and validates stable social asset paths","invocations":1,"location":null,"numPassingAsserts":1,"retryReasons":[],"status":"passed","title":"normalizes and validates stable social asset paths"},{"ancestorTitles":["phase2 utils"],"duration":12,"failureDetails":[],"failureMessages":[],"fullName":"phase2 utils rejects scan storage paths for social assets","invocations":1,"location":null,"numPassingAsserts":1,"retryReasons":[],"status":"passed","title":"rejects scan storage paths for social assets"},{"ancestorTitles":["phase2 utils"],"duration":0,"failureDetails":[],"failureMessages":[],"fullName":"phase2 utils normalizes social text before storage and moderation checks","invocations":1,"location":null,"numPassingAsserts":1,"retryReasons":[],"status":"passed","title":"normalizes social text before storage and moderation checks"},{"ancestorTitles":["phase2 utils"],"duration":1,"failureDetails":[],"failureMessages":[],"fullName":"phase2 utils validates the supported social categories","invocations":1,"location":null,"numPassingAsserts":2,"retryReasons":[],"status":"passed","title":"validates the supported social categories"},{"ancestorTitles":["phase2 utils"],"duration":9,"failureDetails":[],"failureMessages":[],"fullName":"phase2 utils stableStringify sorts object keys consistently","invocations":1,"location":null,"numPassingAsserts":1,"retryReasons":[],"status":"passed","title":"stableStringify sorts object keys consistently"},{"ancestorTitles":["phase2 utils"],"duration":20,"failureDetails":[],"failureMessages":[],"fullName":"phase2 utils reuses the same legacy coach payload hash for equivalent payloads with different key order","invocations":1,"location":null,"numPassingAsserts":1,"retryReasons":[],"status":"passed","title":"reuses the same legacy coach payload hash for equivalent payloads with different key order"},{"ancestorTitles":["phase2 utils"],"duration":0,"failureDetails":[],"failureMessages":[],"fullName":"phase2 utils builds distinct coach payload hashes when locale changes","invocations":1,"location":null,"numPassingAsserts":1,"retryReasons":[],"status":"passed","title":"builds distinct coach payload hashes when locale changes"},{"ancestorTitles":["phase2 utils"],"duration":1,"failureDetails":[],"failureMessages":[],"fullName":"phase2 utils ignores volatile generated_at values inside coach payload hashes","invocations":1,"location":null,"numPassingAsserts":2,"retryReasons":[],"status":"passed","title":"ignores volatile generated_at values inside coach payload hashes"}],"endTime":1778753915044,"message":"","name":"C:\\Users\\maloh\\OneDrive\\Bureau\\ts-main-main\\ts-main-main\\__tests__\\supabase\\phase2Utils.test.ts","startTime":1778753914174,"status":"passed","summary":""}],"wasInterrupted":false}
