{"numFailedTestSuites":0,"numFailedTests":0,"numPassedTestSuites":1,"numPassedTests":57,"numPendingTestSuites":0,"numPendingTests":0,"numRuntimeErrorTestSuites":0,"numTodoTests":0,"numTotalTestSuites":1,"numTotalTests":57,"openHandles":[],"snapshot":{"added":0,"didUpdate":false,"failure":false,"filesAdded":0,"filesRemoved":0,"filesRemovedList":[],"filesUnmatched":0,"filesUpdated":0,"matched":0,"total":0,"unchecked":0,"uncheckedKeysByFile":[],"unmatched":0,"updated":0},"startTime":1778753901617,"success":true,"testResults":[{"assertionResults":[{"ancestorTitles":["coach service"],"duration":14,"failureDetails":[],"failureMessages":[],"fullName":"coach service keeps the legacy payload block byte-for-byte compatible in shape while adding v2 fields separately","invocations":1,"location":null,"numPassingAsserts":47,"retryReasons":[],"status":"passed","title":"keeps the legacy payload block byte-for-byte compatible in shape while adding v2 fields separately"},{"ancestorTitles":["coach service"],"duration":1,"failureDetails":[],"failureMessages":[],"fullName":"coach service adds persisted coach profile memory as a separate payload field","invocations":1,"location":null,"numPassingAsserts":2,"retryReasons":[],"status":"passed","title":"adds persisted coach profile memory as a separate payload field"},{"ancestorTitles":["coach service"],"duration":2,"failureDetails":[],"failureMessages":[],"fullName":"coach service resolves preset and free-text coach questions into the payload","invocations":1,"location":null,"numPassingAsserts":6,"retryReasons":[],"status":"passed","title":"resolves preset and free-text coach questions into the payload"},{"ancestorTitles":["coach service"],"duration":4,"failureDetails":[],"failureMessages":[],"fullName":"coach service keeps trend_review canonical while tolerating legacy trend aliases on provider responses","invocations":1,"location":null,"numPassingAsserts":3,"retryReasons":[],"status":"passed","title":"keeps trend_review canonical while tolerating legacy trend aliases on provider responses"},{"ancestorTitles":["coach service"],"duration":1,"failureDetails":[],"failureMessages":[],"fullName":"coach service classifies nutrition free text into intent-aware question hints","invocations":1,"location":null,"numPassingAsserts":3,"retryReasons":[],"status":"passed","title":"classifies nutrition free text into intent-aware question hints"},{"ancestorTitles":["coach service"],"duration":1,"failureDetails":[],"failureMessages":[],"fullName":"coach service preserves legacy coach payload fields while adding payload v2 rich context","invocations":1,"location":null,"numPassingAsserts":14,"retryReasons":[],"status":"passed","title":"preserves legacy coach payload fields while adding payload v2 rich context"},{"ancestorTitles":["coach service"],"duration":2,"failureDetails":[],"failureMessages":[],"fullName":"coach service uses an explicit selected scan id for selected and latest context","invocations":1,"location":null,"numPassingAsserts":7,"retryReasons":[],"status":"passed","title":"uses an explicit selected scan id for selected and latest context"},{"ancestorTitles":["coach service"],"duration":1,"failureDetails":[],"failureMessages":[],"fullName":"coach service keeps hidden selected scan context out of the backend payload fields","invocations":1,"location":null,"numPassingAsserts":6,"retryReasons":[],"status":"passed","title":"keeps hidden selected scan context out of the backend payload fields"},{"ancestorTitles":["coach service"],"duration":1,"failureDetails":[],"failureMessages":[],"fullName":"coach service falls back to prompt selection when selected scan id is invalid","invocations":1,"location":null,"numPassingAsserts":4,"retryReasons":[],"status":"passed","title":"falls back to prompt selection when selected scan id is invalid"},{"ancestorTitles":["coach service"],"duration":1,"failureDetails":[],"failureMessages":[],"fullName":"coach service builds a rich latest_scan context for health scans","invocations":1,"location":null,"numPassingAsserts":1,"retryReasons":[],"status":"passed","title":"builds a rich latest_scan context for health scans"},{"ancestorTitles":["coach service"],"duration":1,"failureDetails":[],"failureMessages":[],"fullName":"coach service builds a rich latest_scan context for body scans","invocations":1,"location":null,"numPassingAsserts":1,"retryReasons":[],"status":"passed","title":"builds a rich latest_scan context for body scans"},{"ancestorTitles":["coach service"],"duration":0,"failureDetails":[],"failureMessages":[],"fullName":"coach service builds a rich latest_scan context for nutrition scans","invocations":1,"location":null,"numPassingAsserts":1,"retryReasons":[],"status":"passed","title":"builds a rich latest_scan context for nutrition scans"},{"ancestorTitles":["coach service"],"duration":0,"failureDetails":[],"failureMessages":[],"fullName":"coach service builds a rich latest_scan context for super scans","invocations":1,"location":null,"numPassingAsserts":2,"retryReasons":[],"status":"passed","title":"builds a rich latest_scan context for super scans"},{"ancestorTitles":["coach service"],"duration":1,"failureDetails":[],"failureMessages":[],"fullName":"coach service builds a rich latest_scan context for fat_distribution_scan_v2 super scans","invocations":1,"location":null,"numPassingAsserts":4,"retryReasons":[],"status":"passed","title":"builds a rich latest_scan context for fat_distribution_scan_v2 super scans"},{"ancestorTitles":["coach service"],"duration":2,"failureDetails":[],"failureMessages":[],"fullName":"coach service keeps fat_distribution_scan_v2 rows in the recent coach scan list","invocations":1,"location":null,"numPassingAsserts":2,"retryReasons":[],"status":"passed","title":"keeps fat_distribution_scan_v2 rows in the recent coach scan list"},{"ancestorTitles":["coach service"],"duration":0,"failureDetails":[],"failureMessages":[],"fullName":"coach service returns fat_distribution_scan_v2 when it is the only recent scan row","invocations":1,"location":null,"numPassingAsserts":2,"retryReasons":[],"status":"passed","title":"returns fat_distribution_scan_v2 when it is the only recent scan row"},{"ancestorTitles":["coach service"],"duration":1,"failureDetails":[],"failureMessages":[],"fullName":"coach service builds comparison_to_previous when two comparable scans of the same type exist","invocations":1,"location":null,"numPassingAsserts":3,"retryReasons":[],"status":"passed","title":"builds comparison_to_previous when two comparable scans of the same type exist"},{"ancestorTitles":["coach service"],"duration":1,"failureDetails":[],"failureMessages":[],"fullName":"coach service marks comparison_to_previous unavailable when no previous same-type scan exists","invocations":1,"location":null,"numPassingAsserts":1,"retryReasons":[],"status":"passed","title":"marks comparison_to_previous unavailable when no previous same-type scan exists"},{"ancestorTitles":["coach service"],"duration":0,"failureDetails":[],"failureMessages":[],"fullName":"coach service does not fabricate a trend summary without at least three same-type scans","invocations":1,"location":null,"numPassingAsserts":1,"retryReasons":[],"status":"passed","title":"does not fabricate a trend summary without at least three same-type scans"},{"ancestorTitles":["coach service"],"duration":0,"failureDetails":[],"failureMessages":[],"fullName":"coach service builds a simple trend summary when three same-type scans support it","invocations":1,"location":null,"numPassingAsserts":2,"retryReasons":[],"status":"passed","title":"builds a simple trend summary when three same-type scans support it"},{"ancestorTitles":["coach service"],"duration":1,"failureDetails":[],"failureMessages":[],"fullName":"coach service serializes the enriched payload and keeps weekly_plan compatibility","invocations":1,"location":null,"numPassingAsserts":4,"retryReasons":[],"status":"passed","title":"serializes the enriched payload and keeps weekly_plan compatibility"},{"ancestorTitles":["coach service"],"duration":0,"failureDetails":[],"failureMessages":[],"fullName":"coach service keeps rich payload generation robust for legacy raw scans with compact fallback fields","invocations":1,"location":null,"numPassingAsserts":6,"retryReasons":[],"status":"passed","title":"keeps rich payload generation robust for legacy raw scans with compact fallback fields"},{"ancestorTitles":["coach service"],"duration":2,"failureDetails":[],"failureMessages":[],"fullName":"coach service reuses a cached server response and sends the selected persona key","invocations":1,"location":null,"numPassingAsserts":13,"retryReasons":[],"status":"passed","title":"reuses a cached server response and sends the selected persona key"},{"ancestorTitles":["coach service"],"duration":1,"failureDetails":[],"failureMessages":[],"fullName":"coach service propagates scanId through generation payload selection","invocations":1,"location":null,"numPassingAsserts":3,"retryReasons":[],"status":"passed","title":"propagates scanId through generation payload selection"},{"ancestorTitles":["coach service"],"duration":2,"failureDetails":[],"failureMessages":[],"fullName":"coach service loads the exact scan by id when it is missing from recent scans","invocations":1,"location":null,"numPassingAsserts":5,"retryReasons":[],"status":"passed","title":"loads the exact scan by id when it is missing from recent scans"},{"ancestorTitles":["coach service"],"duration":1,"failureDetails":[],"failureMessages":[],"fullName":"coach service falls back to the default persona when no valid persona is selected","invocations":1,"location":null,"numPassingAsserts":2,"retryReasons":[],"status":"passed","title":"falls back to the default persona when no valid persona is selected"},{"ancestorTitles":["coach service"],"duration":0,"failureDetails":[],"failureMessages":[],"fullName":"coach service sends coach question fields and keeps free-text questions distinct from presets","invocations":1,"location":null,"numPassingAsserts":5,"retryReasons":[],"status":"passed","title":"sends coach question fields and keeps free-text questions distinct from presets"},{"ancestorTitles":["coach service"],"duration":1,"failureDetails":[],"failureMessages":[],"fullName":"coach service retries coach generation once with a legacy payload when the backend rejects new question fields","invocations":1,"location":null,"numPassingAsserts":13,"retryReasons":[],"status":"passed","title":"retries coach generation once with a legacy payload when the backend rejects new question fields"},{"ancestorTitles":["coach service"],"duration":0,"failureDetails":[],"failureMessages":[],"fullName":"coach service does not retry coach generation for unrelated 400 invalid_coach_payload responses","invocations":1,"location":null,"numPassingAsserts":2,"retryReasons":[],"status":"passed","title":"does not retry coach generation for unrelated 400 invalid_coach_payload responses"},{"ancestorTitles":["coach service"],"duration":3,"failureDetails":[],"failureMessages":[],"fullName":"coach service completes missing weekly schedule fields from a rich response body","invocations":1,"location":null,"numPassingAsserts":2,"retryReasons":[],"status":"passed","title":"completes missing weekly schedule fields from a rich response body"},{"ancestorTitles":["coach service"],"duration":30,"failureDetails":[],"failureMessages":[],"fullName":"coach service does not fall back to cached guidance when the server rejects Coach quota","invocations":1,"location":null,"numPassingAsserts":3,"retryReasons":[],"status":"passed","title":"does not fall back to cached guidance when the server rejects Coach quota"},{"ancestorTitles":["coach service"],"duration":5,"failureDetails":[],"failureMessages":[],"fullName":"coach service falls back to the latest ready guidance for the same persona when generation fails","invocations":1,"location":null,"numPassingAsserts":6,"retryReasons":[],"status":"passed","title":"falls back to the latest ready guidance for the same persona when generation fails"},{"ancestorTitles":["coach service"],"duration":4,"failureDetails":[],"failureMessages":[],"fullName":"coach service does not fall back to a coach entry from another locale","invocations":1,"location":null,"numPassingAsserts":4,"retryReasons":[],"status":"passed","title":"does not fall back to a coach entry from another locale"},{"ancestorTitles":["coach service"],"duration":4,"failureDetails":[],"failureMessages":[],"fullName":"coach service only falls back to legacy entries when no locale is provided","invocations":1,"location":null,"numPassingAsserts":5,"retryReasons":[],"status":"passed","title":"only falls back to legacy entries when no locale is provided"},{"ancestorTitles":["coach service"],"duration":1,"failureDetails":[],"failureMessages":[],"fullName":"coach service preserves pending coach entries so the app can keep polling until they are ready","invocations":1,"location":null,"numPassingAsserts":1,"retryReasons":[],"status":"passed","title":"preserves pending coach entries so the app can keep polling until they are ready"},{"ancestorTitles":["coach service"],"duration":1,"failureDetails":[],"failureMessages":[],"fullName":"coach service completes missing routine fields from stored coach entries","invocations":1,"location":null,"numPassingAsserts":1,"retryReasons":[],"status":"passed","title":"completes missing routine fields from stored coach entries"},{"ancestorTitles":["coach service"],"duration":1,"failureDetails":[],"failureMessages":[],"fullName":"coach service loads a first coach history batch without fetching the whole table","invocations":1,"location":null,"numPassingAsserts":2,"retryReasons":[],"status":"passed","title":"loads a first coach history batch without fetching the whole table"},{"ancestorTitles":["coach service"],"duration":1,"failureDetails":[],"failureMessages":[],"fullName":"coach service returns a next cursor when more history pages are available","invocations":1,"location":null,"numPassingAsserts":3,"retryReasons":[],"status":"passed","title":"returns a next cursor when more history pages are available"},{"ancestorTitles":["coach service"],"duration":2,"failureDetails":[],"failureMessages":[],"fullName":"coach service continues coach history pagination with a stable cursor and no duplicate ids","invocations":1,"location":null,"numPassingAsserts":4,"retryReasons":[],"status":"passed","title":"continues coach history pagination with a stable cursor and no duplicate ids"},{"ancestorTitles":["coach service"],"duration":3,"failureDetails":[],"failureMessages":[],"fullName":"coach service surfaces a precise coach history pagination error when the RPC is unavailable","invocations":1,"location":null,"numPassingAsserts":1,"retryReasons":[],"status":"passed","title":"surfaces a precise coach history pagination error when the RPC is unavailable"},{"ancestorTitles":["coach service"],"duration":1,"failureDetails":[],"failureMessages":[],"fullName":"coach service returns an exact coach history summary for renderable entries","invocations":1,"location":null,"numPassingAsserts":2,"retryReasons":[],"status":"passed","title":"returns an exact coach history summary for renderable entries"},{"ancestorTitles":["coach service"],"duration":2,"failureDetails":[],"failureMessages":[],"fullName":"coach service surfaces a precise coach history summary error when the RPC is unavailable","invocations":1,"location":null,"numPassingAsserts":1,"retryReasons":[],"status":"passed","title":"surfaces a precise coach history summary error when the RPC is unavailable"},{"ancestorTitles":["coach service"],"duration":2,"failureDetails":[],"failureMessages":[],"fullName":"coach service loads the coach screen snapshot in one authenticated edge call","invocations":1,"location":null,"numPassingAsserts":7,"retryReasons":[],"status":"passed","title":"loads the coach screen snapshot in one authenticated edge call"},{"ancestorTitles":["coach service"],"duration":1,"failureDetails":[],"failureMessages":[],"fullName":"coach service loads the latest ready coach entry without filtering by persona","invocations":1,"location":null,"numPassingAsserts":5,"retryReasons":[],"status":"passed","title":"loads the latest ready coach entry without filtering by persona"},{"ancestorTitles":["coach service"],"duration":0,"failureDetails":[],"failureMessages":[],"fullName":"coach service loads the latest ready coach entry scoped by persona when requested","invocations":1,"location":null,"numPassingAsserts":4,"retryReasons":[],"status":"passed","title":"loads the latest ready coach entry scoped by persona when requested"},{"ancestorTitles":["coach service"],"duration":1,"failureDetails":[],"failureMessages":[],"fullName":"coach service keeps invalid or missing persisted personas neutral in parsed coach entries","invocations":1,"location":null,"numPassingAsserts":1,"retryReasons":[],"status":"passed","title":"keeps invalid or missing persisted personas neutral in parsed coach entries"},{"ancestorTitles":["coach service"],"duration":3,"failureDetails":[],"failureMessages":[],"fullName":"coach service extracts detailed tracked-entry failure metadata from stored coach response payloads","invocations":1,"location":null,"numPassingAsserts":2,"retryReasons":[],"status":"passed","title":"extracts detailed tracked-entry failure metadata from stored coach response payloads"},{"ancestorTitles":["coach service"],"duration":0,"failureDetails":[],"failureMessages":[],"fullName":"coach service classifies invalid provider payload failures separately from provider transport failures","invocations":1,"location":null,"numPassingAsserts":2,"retryReasons":[],"status":"passed","title":"classifies invalid provider payload failures separately from provider transport failures"},{"ancestorTitles":["coach service"],"duration":2,"failureDetails":[],"failureMessages":[],"fullName":"coach service surfaces a precise coach entries error instead of returning an empty state","invocations":1,"location":null,"numPassingAsserts":1,"retryReasons":[],"status":"passed","title":"surfaces a precise coach entries error instead of returning an empty state"},{"ancestorTitles":["coach service"],"duration":3,"failureDetails":[],"failureMessages":[],"fullName":"coach service surfaces a precise coach entries policy denial instead of a generic read error","invocations":1,"location":null,"numPassingAsserts":1,"retryReasons":[],"status":"passed","title":"surfaces a precise coach entries policy denial instead of a generic read error"},{"ancestorTitles":["coach service"],"duration":3,"failureDetails":[],"failureMessages":[],"fullName":"coach service surfaces a precise recent scans error instead of returning an empty array","invocations":1,"location":null,"numPassingAsserts":1,"retryReasons":[],"status":"passed","title":"surfaces a precise recent scans error instead of returning an empty array"},{"ancestorTitles":["coach service"],"duration":2,"failureDetails":[],"failureMessages":[],"fullName":"coach service surfaces a precise recent scans schema mismatch instead of a generic read error","invocations":1,"location":null,"numPassingAsserts":1,"retryReasons":[],"status":"passed","title":"surfaces a precise recent scans schema mismatch instead of a generic read error"},{"ancestorTitles":["coach service"],"duration":3,"failureDetails":[],"failureMessages":[],"fullName":"coach service surfaces locked persona rejection when no fallback entry is available","invocations":1,"location":null,"numPassingAsserts":1,"retryReasons":[],"status":"passed","title":"surfaces locked persona rejection when no fallback entry is available"},{"ancestorTitles":["coach service"],"duration":2,"failureDetails":[],"failureMessages":[],"fullName":"coach service does not call the coach Edge Function when no usable scan exists","invocations":1,"location":null,"numPassingAsserts":4,"retryReasons":[],"status":"passed","title":"does not call the coach Edge Function when no usable scan exists"},{"ancestorTitles":["coach service"],"duration":2,"failureDetails":[],"failureMessages":[],"fullName":"coach service surfaces a missing coach webhook env when generation cannot be configured server-side","invocations":1,"location":null,"numPassingAsserts":1,"retryReasons":[],"status":"passed","title":"surfaces a missing coach webhook env when generation cannot be configured server-side"},{"ancestorTitles":["coach service"],"duration":5,"failureDetails":[],"failureMessages":[],"fullName":"coach service preserves fallback lookup parity errors instead of swallowing them behind stale guidance","invocations":1,"location":null,"numPassingAsserts":1,"retryReasons":[],"status":"passed","title":"preserves fallback lookup parity errors instead of swallowing them behind stale guidance"},{"ancestorTitles":["coach service"],"duration":3,"failureDetails":[],"failureMessages":[],"fullName":"coach service names the missing Coach generation route when the function is not deployed","invocations":1,"location":null,"numPassingAsserts":1,"retryReasons":[],"status":"passed","title":"names the missing Coach generation route when the function is not deployed"}],"endTime":1778753902939,"message":"","name":"C:\\Users\\maloh\\OneDrive\\Bureau\\ts-main-main\\ts-main-main\\__tests__\\services\\coach.test.ts","startTime":1778753901662,"status":"passed","summary":""}],"wasInterrupted":false}
